Traceback (most recent call last):
  File "C:\Users\square3ang\Documents\MonkeyBusiness\modules\__init__.py", line 41, in forward_slashless
    find_response = globals()[f"{module}_{method}".lower()]
                    ~~~~~~~~~^^^^^^^^^^^^^^^^^^^^^^^^^^^^^^
KeyError: 'usr_get'

During handling of the above exception, another exception occurred:

Traceback (most recent call last):
  File "C:\Users\square3ang\Documents\MonkeyBusiness\modules\polaris\usr.py", line 186, in polaris_usr_get
    int(play_info.get("beginner_play_count", 0) or 0) +
        ^^^^^^^^^
UnboundLocalError: cannot access local variable 'play_info' where it is not associated with a value

Last known step: Response Generation Failed